<?xml version="1.0" encoding="UTF-8"?>
<testng-results ignored="0" total="2" passed="1" failed="1" skipped="0">
  <reporter-output>
  </reporter-output>
  <suite started-at="2024-09-18T21:31:53 WIB" name="Goibibo-Flight TestSuite" finished-at="2024-09-18T21:32:31 WIB" duration-ms="38202">
    <groups>
    </groups>
    <test started-at="2024-09-18T21:31:53 WIB" name="Chrome Test" finished-at="2024-09-18T21:32:18 WIB" duration-ms="25238">
      <class name="com.goibibo.flightsbooking.GoibiboPOMFramework">
        <test-method is-config="true" signature="setUp(java.lang.String,java.lang.String,java.lang.String)[pri:0, instance:com.goibibo.flightsbooking.GoibiboPOMFramework@1603cd68]" started-at="2024-09-18T21:31:53 WIB" name="setUp" finished-at="2024-09-18T21:31:56 WIB" duration-ms="3167" status="PASS">
          <params>
            <param index="0">
              <value>
                <![CDATA[Windows 10]]>
              </value>
            </param>
            <param index="1">
              <value>
                <![CDATA[chrome]]>
              </value>
            </param>
            <param index="2">
              <value>
                <![CDATA[https://www.goibibo.com/]]>
              </value>
            </param>
          </params>
          <reporter-output>
          </reporter-output>
        </test-method> <!-- setUp -->
        <test-method signature="testWithFactoryPage()[pri:0, instance:com.goibibo.flightsbooking.GoibiboPOMFramework@1603cd68]" started-at="2024-09-18T21:31:56 WIB" name="testWithFactoryPage" finished-at="2024-09-18T21:32:18 WIB" duration-ms="21714" status="FAIL">
          <exception class="org.openqa.selenium.ElementClickInterceptedException">
            <message>
              <![CDATA[element click intercepted: Element <div class="sc-12foipm-2 eTBlJr fswFld " style="width: 142px;">...</div> is not clickable at point (999, 260). Other element would receive the click: <input type="text" value="">
  (Session info: chrome=128.0.6613.138)
Build info: version: '4.24.0', revision: '748ffc9bc3'
System info: os.name: 'Windows 10', os.arch: 'amd64', os.version: '10.0', java.version: '21.0.4'
Driver info: org.openqa.selenium.remote.RemoteWebDriver
Command: [9115988de3aa192d6e134ec47929ef50, clickElement {id=f.7628CCA4EC787FA632FEEF9483F4DE0E.d.103524328E9564CA824753BB4B8E0A9E.e.99}]
Capabilities {acceptInsecureCerts: false, browserName: chrome, browserVersion: 128.0.6613.138, chrome: {chromedriverVersion: 128.0.6613.137 (fe621c5aa2d..., userDataDir: C:\Windows\SystemTemp\scope...}, fedcm:accounts: true, goog:chromeOptions: {debuggerAddress: localhost:59747}, networkConnectionEnabled: false, pageLoadStrategy: normal, platformName: Windows 10, proxy: Proxy(), se:bidiEnabled: false, se:cdp: ws://192.168.56.1:4444/sess..., se:cdpVersion: 128.0.6613.138, setWindowRect: true, strictFileInteractability: false, timeouts: {implicit: 0, pageLoad: 300000, script: 30000}, unhandledPromptBehavior: dismiss and notify, webauthn:extension:credBlob: true, webauthn:extension:largeBlob: true, webauthn:extension:minPinLength: true, webauthn:extension:prf: true, webauthn:virtualAuthenticators: true}
Element: [[RemoteWebDriver: chrome on Windows 10 (9115988de3aa192d6e134ec47929ef50)] -> xpath: (//div[@class='sc-12foipm-2 eTBlJr fswFld '])[3]]
Session ID: 9115988de3aa192d6e134ec47929ef50]]>
            </message>
            <full-stacktrace>
              <![CDATA[org.openqa.selenium.ElementClickInterceptedException: element click intercepted: Element <div class="sc-12foipm-2 eTBlJr fswFld " style="width: 142px;">...</div> is not clickable at point (999, 260). Other element would receive the click: <input type="text" value="">
  (Session info: chrome=128.0.6613.138)
Build info: version: '4.24.0', revision: '748ffc9bc3'
System info: os.name: 'Windows 10', os.arch: 'amd64', os.version: '10.0', java.version: '21.0.4'
Driver info: org.openqa.selenium.remote.RemoteWebDriver
Command: [9115988de3aa192d6e134ec47929ef50, clickElement {id=f.7628CCA4EC787FA632FEEF9483F4DE0E.d.103524328E9564CA824753BB4B8E0A9E.e.99}]
Capabilities {acceptInsecureCerts: false, browserName: chrome, browserVersion: 128.0.6613.138, chrome: {chromedriverVersion: 128.0.6613.137 (fe621c5aa2d..., userDataDir: C:\Windows\SystemTemp\scope...}, fedcm:accounts: true, goog:chromeOptions: {debuggerAddress: localhost:59747}, networkConnectionEnabled: false, pageLoadStrategy: normal, platformName: Windows 10, proxy: Proxy(), se:bidiEnabled: false, se:cdp: ws://192.168.56.1:4444/sess..., se:cdpVersion: 128.0.6613.138, setWindowRect: true, strictFileInteractability: false, timeouts: {implicit: 0, pageLoad: 300000, script: 30000}, unhandledPromptBehavior: dismiss and notify, webauthn:extension:credBlob: true, webauthn:extension:largeBlob: true, webauthn:extension:minPinLength: true, webauthn:extension:prf: true, webauthn:virtualAuthenticators: true}
Element: [[RemoteWebDriver: chrome on Windows 10 (9115988de3aa192d6e134ec47929ef50)] -> xpath: (//div[@class='sc-12foipm-2 eTBlJr fswFld '])[3]]
Session ID: 9115988de3aa192d6e134ec47929ef50
at java.base/jdk.internal.reflect.DirectConstructorHandleAccessor.newInstance(DirectConstructorHandleAccessor.java:62)
at java.base/java.lang.reflect.Constructor.newInstanceWithCaller(Constructor.java:502)
at java.base/java.lang.reflect.Constructor.newInstance(Constructor.java:486)
at org.openqa.selenium.remote.ErrorCodec.decode(ErrorCodec.java:167)
at org.openqa.selenium.remote.codec.w3c.W3CHttpResponseCodec.decode(W3CHttpResponseCodec.java:138)
at org.openqa.selenium.remote.codec.w3c.W3CHttpResponseCodec.decode(W3CHttpResponseCodec.java:50)
at org.openqa.selenium.remote.HttpCommandExecutor.execute(HttpCommandExecutor.java:190)
at org.openqa.selenium.remote.TracedCommandExecutor.execute(TracedCommandExecutor.java:53)
at org.openqa.selenium.remote.RemoteWebDriver.execute(RemoteWebDriver.java:545)
at org.openqa.selenium.remote.RemoteWebElement.execute(RemoteWebElement.java:223)
at org.openqa.selenium.remote.RemoteWebElement.click(RemoteWebElement.java:76)
at java.base/jdk.internal.reflect.DirectMethodHandleAccessor.invoke(DirectMethodHandleAccessor.java:103)
at java.base/java.lang.reflect.Method.invoke(Method.java:580)
at org.openqa.selenium.support.pagefactory.internal.LocatingElementHandler.invoke(LocatingElementHandler.java:51)
at jdk.proxy2/jdk.proxy2.$Proxy30.click(Unknown Source)
at com.goibibo.flightsbooking.GoibiboHomeFactory.clickFlightDeparture(GoibiboHomeFactory.java:121)
at com.goibibo.flightsbooking.GoibiboPOMFramework.testWithFactoryPage(GoibiboPOMFramework.java:17)
at java.base/jdk.internal.reflect.DirectMethodHandleAccessor.invoke(DirectMethodHandleAccessor.java:103)
at java.base/java.lang.reflect.Method.invoke(Method.java:580)
at org.testng.internal.invokers.MethodInvocationHelper.invokeMethod(MethodInvocationHelper.java:141)
at org.testng.internal.invokers.TestInvoker.invokeMethod(TestInvoker.java:686)
at org.testng.internal.invokers.TestInvoker.invokeTestMethod(TestInvoker.java:230)
at org.testng.internal.invokers.MethodRunner.runInSequence(MethodRunner.java:63)
at org.testng.internal.invokers.TestInvoker$MethodInvocationAgent.invoke(TestInvoker.java:992)
at org.testng.internal.invokers.TestInvoker.invokeTestMethods(TestInvoker.java:203)
at org.testng.internal.invokers.TestMethodWorker.invokeTestMethods(TestMethodWorker.java:154)
at org.testng.internal.invokers.TestMethodWorker.run(TestMethodWorker.java:134)
at java.base/java.util.ArrayList.forEach(ArrayList.java:1596)
at org.testng.TestRunner.privateRun(TestRunner.java:739)
at org.testng.TestRunner.run(TestRunner.java:614)
at org.testng.SuiteRunner.runTest(SuiteRunner.java:421)
at org.testng.SuiteRunner.runSequentially(SuiteRunner.java:413)
at org.testng.SuiteRunner.privateRun(SuiteRunner.java:373)
at org.testng.SuiteRunner.run(SuiteRunner.java:312)
at org.testng.SuiteRunnerWorker.runSuite(SuiteRunnerWorker.java:52)
at org.testng.SuiteRunnerWorker.run(SuiteRunnerWorker.java:95)
at org.testng.TestNG.runSuitesSequentially(TestNG.java:1274)
at org.testng.TestNG.runSuitesLocally(TestNG.java:1208)
at org.testng.TestNG.runSuites(TestNG.java:1112)
at org.testng.TestNG.run(TestNG.java:1079)
at org.apache.maven.surefire.testng.TestNGExecutor.run(TestNGExecutor.java:308)
at org.apache.maven.surefire.testng.TestNGXmlTestSuite.execute(TestNGXmlTestSuite.java:71)
at org.apache.maven.surefire.testng.TestNGProvider.invoke(TestNGProvider.java:113)
at org.apache.maven.surefire.booter.ForkedBooter.runSuitesInProcess(ForkedBooter.java:385)
at org.apache.maven.surefire.booter.ForkedBooter.execute(ForkedBooter.java:162)
at org.apache.maven.surefire.booter.ForkedBooter.run(ForkedBooter.java:507)
at org.apache.maven.surefire.booter.ForkedBooter.main(ForkedBooter.java:495)
]]>
            </full-stacktrace>
          </exception> <!-- org.openqa.selenium.ElementClickInterceptedException -->
          <reporter-output>
          </reporter-output>
        </test-method> <!-- testWithFactoryPage -->
        <test-method is-config="true" signature="afterMethod(org.testng.ITestResult)[pri:0, instance:com.goibibo.flightsbooking.GoibiboPOMFramework@1603cd68]" started-at="2024-09-18T21:32:18 WIB" name="afterMethod" finished-at="2024-09-18T21:32:18 WIB" duration-ms="211" status="PASS">
          <params>
            <param index="0">
              <value>
                <![CDATA[[TestResult name=testWithFactoryPage status=FAILURE method=GoibiboPOMFramework.testWithFactoryPage()[pri:0, instance:com.goibibo.flightsbooking.GoibiboPOMFramework@1603cd68] output={null}]]]>
              </value>
            </param>
          </params>
          <reporter-output>
          </reporter-output>
        </test-method> <!-- afterMethod -->
        <test-method is-config="true" signature="afterClass()[pri:0, instance:com.goibibo.flightsbooking.GoibiboPOMFramework@1603cd68]" started-at="2024-09-18T21:32:18 WIB" name="afterClass" finished-at="2024-09-18T21:32:18 WIB" duration-ms="122" status="PASS">
          <reporter-output>
          </reporter-output>
        </test-method> <!-- afterClass -->
      </class> <!-- com.goibibo.flightsbooking.GoibiboPOMFramework -->
    </test> <!-- Chrome Test -->
    <test started-at="2024-09-18T21:32:18 WIB" name="Firefox Test" finished-at="2024-09-18T21:32:31 WIB" duration-ms="12942">
      <class name="com.goibibo.flightsbooking.GoibiboPOMFramework">
        <test-method is-config="true" signature="startReporter()[pri:0, instance:com.goibibo.flightsbooking.GoibiboPOMFramework@4b40f651]" started-at="2024-09-18T21:31:53 WIB" name="startReporter" finished-at="2024-09-18T21:31:53 WIB" duration-ms="121" status="PASS">
          <reporter-output>
          </reporter-output>
        </test-method> <!-- startReporter -->
        <test-method is-config="true" signature="setUp(java.lang.String,java.lang.String,java.lang.String)[pri:0, instance:com.goibibo.flightsbooking.GoibiboPOMFramework@4b40f651]" started-at="2024-09-18T21:32:18 WIB" name="setUp" finished-at="2024-09-18T21:32:23 WIB" duration-ms="4913" status="PASS">
          <params>
            <param index="0">
              <value>
                <![CDATA[Windows 10]]>
              </value>
            </param>
            <param index="1">
              <value>
                <![CDATA[firefox]]>
              </value>
            </param>
            <param index="2">
              <value>
                <![CDATA[https://www.goibibo.com/]]>
              </value>
            </param>
          </params>
          <reporter-output>
          </reporter-output>
        </test-method> <!-- setUp -->
        <test-method signature="testWithFactoryPage()[pri:0, instance:com.goibibo.flightsbooking.GoibiboPOMFramework@4b40f651]" started-at="2024-09-18T21:32:23 WIB" name="testWithFactoryPage" finished-at="2024-09-18T21:32:31 WIB" duration-ms="7422" status="PASS">
          <reporter-output>
          </reporter-output>
        </test-method> <!-- testWithFactoryPage -->
        <test-method is-config="true" signature="afterClass()[pri:0, instance:com.goibibo.flightsbooking.GoibiboPOMFramework@4b40f651]" started-at="2024-09-18T21:32:31 WIB" name="afterClass" finished-at="2024-09-18T21:32:31 WIB" duration-ms="605" status="PASS">
          <reporter-output>
          </reporter-output>
        </test-method> <!-- afterClass -->
        <test-method is-config="true" signature="afterMethod(org.testng.ITestResult)[pri:0, instance:com.goibibo.flightsbooking.GoibiboPOMFramework@4b40f651]" started-at="2024-09-18T21:32:31 WIB" name="afterMethod" finished-at="2024-09-18T21:32:31 WIB" duration-ms="0" status="PASS">
          <params>
            <param index="0">
              <value>
                <![CDATA[[TestResult name=testWithFactoryPage status=SUCCESS method=GoibiboPOMFramework.testWithFactoryPage()[pri:0, instance:com.goibibo.flightsbooking.GoibiboPOMFramework@4b40f651] output={null}]]]>
              </value>
            </param>
          </params>
          <reporter-output>
          </reporter-output>
        </test-method> <!-- afterMethod -->
        <test-method is-config="true" signature="tearDown()[pri:0, instance:com.goibibo.flightsbooking.GoibiboPOMFramework@4b40f651]" started-at="2024-09-18T21:32:31 WIB" name="tearDown" finished-at="2024-09-18T21:32:31 WIB" duration-ms="192" status="PASS">
          <reporter-output>
          </reporter-output>
        </test-method> <!-- tearDown -->
      </class> <!-- com.goibibo.flightsbooking.GoibiboPOMFramework -->
    </test> <!-- Firefox Test -->
  </suite> <!-- Goibibo-Flight TestSuite -->
</testng-results>
